[32m[2020-11-13 09:55:13.371][0;39m [SpringBootDemo][32m INFO[0;39m HV000001: Hibernate Validator 6.0.20.Final
[32m[2020-11-13 09:55:13.385][0;39m [SpringBootDemo][32m INFO[0;39m Starting DemoApplication on localhost with PID 69504 (/Users/wankai/Documents/Code/Study/SpringBootDemo/target/classes started by wankai in /Users/wankai/Documents/Code/Study/SpringBootDemo)
[32m[2020-11-13 09:55:13.385][0;39m [SpringBootDemo][32m INFO[0;39m The following profiles are active: dev
[32m[2020-11-13 09:55:14.392][0;39m [SpringBootDemo][32m INFO[0;39m Tomcat initialized with port(s): 8994 (http)
[32m[2020-11-13 09:55:14.397][0;39m [SpringBootDemo][32m INFO[0;39m Initializing ProtocolHandler ["http-nio-8994"]
[32m[2020-11-13 09:55:14.398][0;39m [SpringBootDemo][32m INFO[0;39m Starting service [Tomcat]
[32m[2020-11-13 09:55:14.398][0;39m [SpringBootDemo][32m INFO[0;39m Starting Servlet engine: [Apache Tomcat/9.0.38]
[32m[2020-11-13 09:55:14.452][0;39m [SpringBootDemo][32m INFO[0;39m Initializing Spring embedded WebApplicationContext
[32m[2020-11-13 09:55:14.452][0;39m [SpringBootDemo][32m INFO[0;39m Root WebApplicationContext: initialization completed in 1037 ms
[32m[2020-11-13 09:55:14.631][0;39m [SpringBootDemo][32m INFO[0;39m Driver registered
[32m[2020-11-13 09:55:15.022][0;39m [SpringBootDemo][32m INFO[0;39m Exposing 2 endpoint(s) beneath base path '/actuator'
[32m[2020-11-13 09:55:15.056][0;39m [SpringBootDemo][32m INFO[0;39m Stopping service [Tomcat]
[32m[2020-11-13 09:55:15.066][0;39m [SpringBootDemo][32m INFO[0;39m 

Error starting ApplicationContext. To display the conditions report re-run your application with 'debug' enabled.
[32m[2020-11-13 09:58:02.962][0;39m [SpringBootDemo][32m INFO[0;39m HV000001: Hibernate Validator 6.0.20.Final
[32m[2020-11-13 09:58:02.978][0;39m [SpringBootDemo][32m INFO[0;39m Starting DemoApplication on localhost with PID 69540 (/Users/wankai/Documents/Code/Study/SpringBootDemo/target/classes started by wankai in /Users/wankai/Documents/Code/Study/SpringBootDemo)
[32m[2020-11-13 09:58:02.979][0;39m [SpringBootDemo][32m INFO[0;39m The following profiles are active: dev
[32m[2020-11-13 09:58:04.045][0;39m [SpringBootDemo][32m INFO[0;39m Tomcat initialized with port(s): 8994 (http)
[32m[2020-11-13 09:58:04.051][0;39m [SpringBootDemo][32m INFO[0;39m Initializing ProtocolHandler ["http-nio-8994"]
[32m[2020-11-13 09:58:04.051][0;39m [SpringBootDemo][32m INFO[0;39m Starting service [Tomcat]
[32m[2020-11-13 09:58:04.052][0;39m [SpringBootDemo][32m INFO[0;39m Starting Servlet engine: [Apache Tomcat/9.0.38]
[32m[2020-11-13 09:58:04.104][0;39m [SpringBootDemo][32m INFO[0;39m Initializing Spring embedded WebApplicationContext
[32m[2020-11-13 09:58:04.105][0;39m [SpringBootDemo][32m INFO[0;39m Root WebApplicationContext: initialization completed in 1097 ms
[32m[2020-11-13 09:58:04.270][0;39m [SpringBootDemo][32m INFO[0;39m Stopping service [Tomcat]
[32m[2020-11-13 09:58:04.282][0;39m [SpringBootDemo][32m INFO[0;39m Driver registered
[32m[2020-11-13 09:58:04.292][0;39m [SpringBootDemo][32m INFO[0;39m 

Error starting ApplicationContext. To display the conditions report re-run your application with 'debug' enabled.
[32m[2020-11-13 09:58:32.528][0;39m [SpringBootDemo][32m INFO[0;39m HV000001: Hibernate Validator 6.0.20.Final
[32m[2020-11-13 09:58:32.541][0;39m [SpringBootDemo][32m INFO[0;39m Starting DemoApplication on localhost with PID 69549 (/Users/wankai/Documents/Code/Study/SpringBootDemo/target/classes started by wankai in /Users/wankai/Documents/Code/Study/SpringBootDemo)
[32m[2020-11-13 09:58:32.541][0;39m [SpringBootDemo][32m INFO[0;39m The following profiles are active: dev
[32m[2020-11-13 09:58:33.473][0;39m [SpringBootDemo][32m INFO[0;39m Tomcat initialized with port(s): 8994 (http)
[32m[2020-11-13 09:58:33.479][0;39m [SpringBootDemo][32m INFO[0;39m Initializing ProtocolHandler ["http-nio-8994"]
[32m[2020-11-13 09:58:33.480][0;39m [SpringBootDemo][32m INFO[0;39m Starting service [Tomcat]
[32m[2020-11-13 09:58:33.480][0;39m [SpringBootDemo][32m INFO[0;39m Starting Servlet engine: [Apache Tomcat/9.0.38]
[32m[2020-11-13 09:58:33.532][0;39m [SpringBootDemo][32m INFO[0;39m Initializing Spring embedded WebApplicationContext
[32m[2020-11-13 09:58:33.532][0;39m [SpringBootDemo][32m INFO[0;39m Root WebApplicationContext: initialization completed in 966 ms
[32m[2020-11-13 09:58:34.101][0;39m [SpringBootDemo][32m INFO[0;39m Exposing 2 endpoint(s) beneath base path '/actuator'
[32m[2020-11-13 09:58:34.146][0;39m [SpringBootDemo][32m INFO[0;39m Mapped URL path [/v2/api-docs] onto method [springfox.documentation.swagger2.web.Swagger2Controller#getDocumentation(String, HttpServletRequest)]
[32m[2020-11-13 09:58:34.208][0;39m [SpringBootDemo][32m INFO[0;39m Initializing ExecutorService 'applicationTaskExecutor'
[32m[2020-11-13 09:58:34.371][0;39m [SpringBootDemo][32m INFO[0;39m Context refreshed
[32m[2020-11-13 09:58:34.381][0;39m [SpringBootDemo][32m INFO[0;39m Found 1 custom documentation plugin(s)
[32m[2020-11-13 09:58:34.399][0;39m [SpringBootDemo][32m INFO[0;39m Scanning for api listing references
[32m[2020-11-13 09:58:34.474][0;39m [SpringBootDemo][32m INFO[0;39m Starting ProtocolHandler ["http-nio-8994"]
[32m[2020-11-13 09:58:34.495][0;39m [SpringBootDemo][32m INFO[0;39m Tomcat started on port(s): 8994 (http) with context path '/SpringBootDemo'
[32m[2020-11-13 09:58:34.498][0;39m [SpringBootDemo][32m INFO[0;39m Started DemoApplication in 2.252 seconds (JVM running for 2.646)
[32m[2020-11-13 09:58:34.594][0;39m [SpringBootDemo][32m INFO[0;39m Initializing Spring DispatcherServlet 'dispatcherServlet'
[32m[2020-11-13 09:58:34.594][0;39m [SpringBootDemo][32m INFO[0;39m Initializing Servlet 'dispatcherServlet'
[32m[2020-11-13 09:58:34.599][0;39m [SpringBootDemo][32m INFO[0;39m Completed initialization in 4 ms
[32m[2020-11-13 09:59:17.184][0;39m [SpringBootDemo][32m INFO[0;39m HV000001: Hibernate Validator 6.0.20.Final
[32m[2020-11-13 09:59:17.201][0;39m [SpringBootDemo][32m INFO[0;39m Starting DemoApplication on localhost with PID 69570 (/Users/wankai/Documents/Code/Study/SpringBootDemo/target/classes started by wankai in /Users/wankai/Documents/Code/Study/SpringBootDemo)
[32m[2020-11-13 09:59:17.202][0;39m [SpringBootDemo][32m INFO[0;39m The following profiles are active: dev
[32m[2020-11-13 09:59:18.183][0;39m [SpringBootDemo][32m INFO[0;39m Tomcat initialized with port(s): 8994 (http)
[32m[2020-11-13 09:59:18.188][0;39m [SpringBootDemo][32m INFO[0;39m Initializing ProtocolHandler ["http-nio-8994"]
[32m[2020-11-13 09:59:18.189][0;39m [SpringBootDemo][32m INFO[0;39m Starting service [Tomcat]
[32m[2020-11-13 09:59:18.189][0;39m [SpringBootDemo][32m INFO[0;39m Starting Servlet engine: [Apache Tomcat/9.0.38]
[32m[2020-11-13 09:59:18.234][0;39m [SpringBootDemo][32m INFO[0;39m Initializing Spring embedded WebApplicationContext
[32m[2020-11-13 09:59:18.234][0;39m [SpringBootDemo][32m INFO[0;39m Root WebApplicationContext: initialization completed in 1000 ms
[32m[2020-11-13 09:59:18.716][0;39m [SpringBootDemo][32m INFO[0;39m Exposing 2 endpoint(s) beneath base path '/actuator'
[32m[2020-11-13 09:59:18.753][0;39m [SpringBootDemo][32m INFO[0;39m Mapped URL path [/v2/api-docs] onto method [springfox.documentation.swagger2.web.Swagger2Controller#getDocumentation(String, HttpServletRequest)]
[32m[2020-11-13 09:59:18.812][0;39m [SpringBootDemo][32m INFO[0;39m Initializing ExecutorService 'applicationTaskExecutor'
[32m[2020-11-13 09:59:18.976][0;39m [SpringBootDemo][32m INFO[0;39m Context refreshed
[32m[2020-11-13 09:59:18.986][0;39m [SpringBootDemo][32m INFO[0;39m Found 1 custom documentation plugin(s)
[32m[2020-11-13 09:59:19.004][0;39m [SpringBootDemo][32m INFO[0;39m Scanning for api listing references
[32m[2020-11-13 09:59:19.082][0;39m [SpringBootDemo][32m INFO[0;39m Starting ProtocolHandler ["http-nio-8994"]
[32m[2020-11-13 09:59:19.104][0;39m [SpringBootDemo][32m INFO[0;39m Tomcat started on port(s): 8994 (http) with context path '/SpringBootDemo'
[32m[2020-11-13 09:59:19.107][0;39m [SpringBootDemo][32m INFO[0;39m Started DemoApplication in 2.203 seconds (JVM running for 2.736)
[32m[2020-11-13 09:59:19.565][0;39m [SpringBootDemo][32m INFO[0;39m Initializing Spring DispatcherServlet 'dispatcherServlet'
[32m[2020-11-13 09:59:19.565][0;39m [SpringBootDemo][32m INFO[0;39m Initializing Servlet 'dispatcherServlet'
[32m[2020-11-13 09:59:19.570][0;39m [SpringBootDemo][32m INFO[0;39m Completed initialization in 5 ms
[32m[2020-11-13 10:00:50.089][0;39m [SpringBootDemo][32m INFO[0;39m HV000001: Hibernate Validator 6.0.20.Final
[32m[2020-11-13 10:00:50.101][0;39m [SpringBootDemo][32m INFO[0;39m Starting DemoApplication on localhost with PID 69599 (/Users/wankai/Documents/Code/Study/SpringBootDemo/target/classes started by wankai in /Users/wankai/Documents/Code/Study/SpringBootDemo)
[32m[2020-11-13 10:00:50.102][0;39m [SpringBootDemo][32m INFO[0;39m The following profiles are active: dev
[32m[2020-11-13 10:00:51.018][0;39m [SpringBootDemo][32m INFO[0;39m Tomcat initialized with port(s): 8994 (http)
[32m[2020-11-13 10:00:51.024][0;39m [SpringBootDemo][32m INFO[0;39m Initializing ProtocolHandler ["http-nio-8994"]
[32m[2020-11-13 10:00:51.025][0;39m [SpringBootDemo][32m INFO[0;39m Starting service [Tomcat]
[32m[2020-11-13 10:00:51.025][0;39m [SpringBootDemo][32m INFO[0;39m Starting Servlet engine: [Apache Tomcat/9.0.38]
[32m[2020-11-13 10:00:51.077][0;39m [SpringBootDemo][32m INFO[0;39m Initializing Spring embedded WebApplicationContext
[32m[2020-11-13 10:00:51.077][0;39m [SpringBootDemo][32m INFO[0;39m Root WebApplicationContext: initialization completed in 949 ms
[32m[2020-11-13 10:00:51.236][0;39m [SpringBootDemo][32m INFO[0;39m Driver registered
[32m[2020-11-13 10:00:51.577][0;39m [SpringBootDemo][32m INFO[0;39m Exposing 2 endpoint(s) beneath base path '/actuator'
[32m[2020-11-13 10:00:51.615][0;39m [SpringBootDemo][32m INFO[0;39m Mapped URL path [/v2/api-docs] onto method [springfox.documentation.swagger2.web.Swagger2Controller#getDocumentation(String, HttpServletRequest)]
[32m[2020-11-13 10:00:51.674][0;39m [SpringBootDemo][32m INFO[0;39m Initializing ExecutorService 'applicationTaskExecutor'
[32m[2020-11-13 10:00:51.832][0;39m [SpringBootDemo][32m INFO[0;39m Context refreshed
[32m[2020-11-13 10:00:51.842][0;39m [SpringBootDemo][32m INFO[0;39m Found 1 custom documentation plugin(s)
[32m[2020-11-13 10:00:51.860][0;39m [SpringBootDemo][32m INFO[0;39m Scanning for api listing references
[32m[2020-11-13 10:00:51.940][0;39m [SpringBootDemo][32m INFO[0;39m Starting ProtocolHandler ["http-nio-8994"]
[32m[2020-11-13 10:00:51.962][0;39m [SpringBootDemo][32m INFO[0;39m Tomcat started on port(s): 8994 (http) with context path '/SpringBootDemo'
[32m[2020-11-13 10:00:51.964][0;39m [SpringBootDemo][32m INFO[0;39m Started DemoApplication in 2.144 seconds (JVM running for 2.676)
[32m[2020-11-13 10:00:52.482][0;39m [SpringBootDemo][32m INFO[0;39m HikariPool-1 - Starting...
[32m[2020-11-13 10:00:52.482][0;39m [SpringBootDemo][32m INFO[0;39m Initializing Spring DispatcherServlet 'dispatcherServlet'
[32m[2020-11-13 10:00:52.483][0;39m [SpringBootDemo][32m INFO[0;39m Initializing Servlet 'dispatcherServlet'
[32m[2020-11-13 10:00:52.488][0;39m [SpringBootDemo][32m INFO[0;39m Completed initialization in 4 ms
[32m[2020-11-13 10:00:52.595][0;39m [SpringBootDemo][32m INFO[0;39m HikariPool-1 - Start completed.
[32m[2020-11-13 10:03:01.876][0;39m [SpringBootDemo][32m INFO[0;39m Shutting down ExecutorService 'applicationTaskExecutor'
[32m[2020-11-13 10:03:01.878][0;39m [SpringBootDemo][32m INFO[0;39m HikariPool-1 - Shutdown initiated...
[32m[2020-11-13 10:03:01.882][0;39m [SpringBootDemo][32m INFO[0;39m HikariPool-1 - Shutdown completed.
[32m[2020-11-13 11:33:37.640][0;39m [SpringBootDemo][32m INFO[0;39m HV000001: Hibernate Validator 6.0.20.Final
[32m[2020-11-13 11:33:37.657][0;39m [SpringBootDemo][32m INFO[0;39m Starting DemoApplication on localhost with PID 3477 (/Users/wankai/Documents/Code/Study/SpringBootDemo/target/classes started by wankai in /Users/wankai/Documents/Code/Study/SpringBootDemo)
[32m[2020-11-13 11:33:37.657][0;39m [SpringBootDemo][32m INFO[0;39m The following profiles are active: dev
[32m[2020-11-13 11:33:38.690][0;39m [SpringBootDemo][32m INFO[0;39m Tomcat initialized with port(s): 8994 (http)
[32m[2020-11-13 11:33:38.695][0;39m [SpringBootDemo][32m INFO[0;39m Initializing ProtocolHandler ["http-nio-8994"]
[32m[2020-11-13 11:33:38.696][0;39m [SpringBootDemo][32m INFO[0;39m Starting service [Tomcat]
[32m[2020-11-13 11:33:38.696][0;39m [SpringBootDemo][32m INFO[0;39m Starting Servlet engine: [Apache Tomcat/9.0.38]
[32m[2020-11-13 11:33:38.747][0;39m [SpringBootDemo][32m INFO[0;39m Initializing Spring embedded WebApplicationContext
[32m[2020-11-13 11:33:38.747][0;39m [SpringBootDemo][32m INFO[0;39m Root WebApplicationContext: initialization completed in 1052 ms
[32m[2020-11-13 11:33:38.926][0;39m [SpringBootDemo][32m INFO[0;39m Driver registered
[32m[2020-11-13 11:33:39.326][0;39m [SpringBootDemo][32m INFO[0;39m Exposing 2 endpoint(s) beneath base path '/actuator'
[32m[2020-11-13 11:33:39.373][0;39m [SpringBootDemo][32m INFO[0;39m Mapped URL path [/v2/api-docs] onto method [springfox.documentation.swagger2.web.Swagger2Controller#getDocumentation(String, HttpServletRequest)]
[32m[2020-11-13 11:33:39.449][0;39m [SpringBootDemo][32m INFO[0;39m Initializing ExecutorService 'applicationTaskExecutor'
[32m[2020-11-13 11:33:39.655][0;39m [SpringBootDemo][32m INFO[0;39m Context refreshed
[32m[2020-11-13 11:33:39.669][0;39m [SpringBootDemo][32m INFO[0;39m Found 1 custom documentation plugin(s)
[32m[2020-11-13 11:33:39.691][0;39m [SpringBootDemo][32m INFO[0;39m Scanning for api listing references
[32m[2020-11-13 11:33:39.817][0;39m [SpringBootDemo][32m INFO[0;39m Starting ProtocolHandler ["http-nio-8994"]
[32m[2020-11-13 11:33:39.848][0;39m [SpringBootDemo][32m INFO[0;39m Tomcat started on port(s): 8994 (http) with context path '/SpringBootDemo'
[32m[2020-11-13 11:33:39.851][0;39m [SpringBootDemo][32m INFO[0;39m Started DemoApplication in 2.733 seconds (JVM running for 3.401)
[32m[2020-11-13 11:33:40.259][0;39m [SpringBootDemo][32m INFO[0;39m Initializing Spring DispatcherServlet 'dispatcherServlet'
[32m[2020-11-13 11:33:40.259][0;39m [SpringBootDemo][32m INFO[0;39m Initializing Servlet 'dispatcherServlet'
[32m[2020-11-13 11:33:40.260][0;39m [SpringBootDemo][32m INFO[0;39m HikariPool-1 - Starting...
[32m[2020-11-13 11:33:40.264][0;39m [SpringBootDemo][32m INFO[0;39m Completed initialization in 5 ms
[32m[2020-11-13 11:33:40.375][0;39m [SpringBootDemo][32m INFO[0;39m HikariPool-1 - Start completed.
[32m[2020-11-13 11:35:53.839][0;39m [SpringBootDemo][32m INFO[0;39m Shutting down ExecutorService 'applicationTaskExecutor'
[32m[2020-11-13 11:35:53.841][0;39m [SpringBootDemo][32m INFO[0;39m HikariPool-1 - Shutdown initiated...
[32m[2020-11-13 11:35:53.847][0;39m [SpringBootDemo][32m INFO[0;39m HikariPool-1 - Shutdown completed.
[32m[2020-11-13 11:35:57.733][0;39m [SpringBootDemo][32m INFO[0;39m HV000001: Hibernate Validator 6.0.20.Final
[32m[2020-11-13 11:35:57.745][0;39m [SpringBootDemo][32m INFO[0;39m Starting DemoApplication on localhost with PID 3558 (/Users/wankai/Documents/Code/Study/SpringBootDemo/target/classes started by wankai in /Users/wankai/Documents/Code/Study/SpringBootDemo)
[32m[2020-11-13 11:35:57.746][0;39m [SpringBootDemo][32m INFO[0;39m The following profiles are active: dev
[32m[2020-11-13 11:35:58.678][0;39m [SpringBootDemo][32m INFO[0;39m Tomcat initialized with port(s): 8994 (http)
[32m[2020-11-13 11:35:58.685][0;39m [SpringBootDemo][32m INFO[0;39m Initializing ProtocolHandler ["http-nio-8994"]
[32m[2020-11-13 11:35:58.686][0;39m [SpringBootDemo][32m INFO[0;39m Starting service [Tomcat]
[32m[2020-11-13 11:35:58.686][0;39m [SpringBootDemo][32m INFO[0;39m Starting Servlet engine: [Apache Tomcat/9.0.38]
[32m[2020-11-13 11:35:58.745][0;39m [SpringBootDemo][32m INFO[0;39m Initializing Spring embedded WebApplicationContext
[32m[2020-11-13 11:35:58.745][0;39m [SpringBootDemo][32m INFO[0;39m Root WebApplicationContext: initialization completed in 974 ms
[32m[2020-11-13 11:35:58.943][0;39m [SpringBootDemo][32m INFO[0;39m Driver registered
[32m[2020-11-13 11:35:59.357][0;39m [SpringBootDemo][32m INFO[0;39m Exposing 2 endpoint(s) beneath base path '/actuator'
[32m[2020-11-13 11:35:59.403][0;39m [SpringBootDemo][32m INFO[0;39m Mapped URL path [/v2/api-docs] onto method [springfox.documentation.swagger2.web.Swagger2Controller#getDocumentation(String, HttpServletRequest)]
[32m[2020-11-13 11:35:59.465][0;39m [SpringBootDemo][32m INFO[0;39m Initializing ExecutorService 'applicationTaskExecutor'
[32m[2020-11-13 11:35:59.635][0;39m [SpringBootDemo][32m INFO[0;39m Context refreshed
[32m[2020-11-13 11:35:59.646][0;39m [SpringBootDemo][32m INFO[0;39m Found 1 custom documentation plugin(s)
[32m[2020-11-13 11:35:59.665][0;39m [SpringBootDemo][32m INFO[0;39m Scanning for api listing references
[32m[2020-11-13 11:35:59.745][0;39m [SpringBootDemo][32m INFO[0;39m Starting ProtocolHandler ["http-nio-8994"]
[32m[2020-11-13 11:35:59.767][0;39m [SpringBootDemo][32m INFO[0;39m Tomcat started on port(s): 8994 (http) with context path '/SpringBootDemo'
[32m[2020-11-13 11:35:59.769][0;39m [SpringBootDemo][32m INFO[0;39m Started DemoApplication in 2.302 seconds (JVM running for 2.675)
[32m[2020-11-13 11:36:00.281][0;39m [SpringBootDemo][32m INFO[0;39m HikariPool-1 - Starting...
[32m[2020-11-13 11:36:00.281][0;39m [SpringBootDemo][32m INFO[0;39m Initializing Spring DispatcherServlet 'dispatcherServlet'
[32m[2020-11-13 11:36:00.281][0;39m [SpringBootDemo][32m INFO[0;39m Initializing Servlet 'dispatcherServlet'
[32m[2020-11-13 11:36:00.286][0;39m [SpringBootDemo][32m INFO[0;39m Completed initialization in 5 ms
[32m[2020-11-13 11:36:00.375][0;39m [SpringBootDemo][32m INFO[0;39m HikariPool-1 - Start completed.
[32m[2020-11-13 11:38:43.065][0;39m [SpringBootDemo][32m INFO[0;39m Shutting down ExecutorService 'applicationTaskExecutor'
[32m[2020-11-13 11:38:43.067][0;39m [SpringBootDemo][32m INFO[0;39m HikariPool-1 - Shutdown initiated...
[32m[2020-11-13 11:38:43.071][0;39m [SpringBootDemo][32m INFO[0;39m HikariPool-1 - Shutdown completed.
[32m[2020-11-13 11:38:45.630][0;39m [SpringBootDemo][32m INFO[0;39m HV000001: Hibernate Validator 6.0.20.Final
[32m[2020-11-13 11:38:45.642][0;39m [SpringBootDemo][32m INFO[0;39m Starting DemoApplication on localhost with PID 3613 (/Users/wankai/Documents/Code/Study/SpringBootDemo/target/classes started by wankai in /Users/wankai/Documents/Code/Study/SpringBootDemo)
[32m[2020-11-13 11:38:45.643][0;39m [SpringBootDemo][32m INFO[0;39m The following profiles are active: dev
[32m[2020-11-13 11:38:46.532][0;39m [SpringBootDemo][32m INFO[0;39m Tomcat initialized with port(s): 8994 (http)
[32m[2020-11-13 11:38:46.537][0;39m [SpringBootDemo][32m INFO[0;39m Initializing ProtocolHandler ["http-nio-8994"]
[32m[2020-11-13 11:38:46.537][0;39m [SpringBootDemo][32m INFO[0;39m Starting service [Tomcat]
[32m[2020-11-13 11:38:46.537][0;39m [SpringBootDemo][32m INFO[0;39m Starting Servlet engine: [Apache Tomcat/9.0.38]
[32m[2020-11-13 11:38:46.589][0;39m [SpringBootDemo][32m INFO[0;39m Initializing Spring embedded WebApplicationContext
[32m[2020-11-13 11:38:46.589][0;39m [SpringBootDemo][32m INFO[0;39m Root WebApplicationContext: initialization completed in 922 ms
[32m[2020-11-13 11:38:46.749][0;39m [SpringBootDemo][32m INFO[0;39m Driver registered
[32m[2020-11-13 11:38:47.120][0;39m [SpringBootDemo][32m INFO[0;39m Exposing 2 endpoint(s) beneath base path '/actuator'
[32m[2020-11-13 11:38:47.168][0;39m [SpringBootDemo][32m INFO[0;39m Mapped URL path [/v2/api-docs] onto method [springfox.documentation.swagger2.web.Swagger2Controller#getDocumentation(String, HttpServletRequest)]
[32m[2020-11-13 11:38:47.242][0;39m [SpringBootDemo][32m INFO[0;39m Initializing ExecutorService 'applicationTaskExecutor'
[32m[2020-11-13 11:38:47.441][0;39m [SpringBootDemo][32m INFO[0;39m Context refreshed
[32m[2020-11-13 11:38:47.451][0;39m [SpringBootDemo][32m INFO[0;39m Found 1 custom documentation plugin(s)
[32m[2020-11-13 11:38:47.470][0;39m [SpringBootDemo][32m INFO[0;39m Scanning for api listing references
[32m[2020-11-13 11:38:47.556][0;39m [SpringBootDemo][32m INFO[0;39m Starting ProtocolHandler ["http-nio-8994"]
[32m[2020-11-13 11:38:47.578][0;39m [SpringBootDemo][32m INFO[0;39m Tomcat started on port(s): 8994 (http) with context path '/SpringBootDemo'
[32m[2020-11-13 11:38:47.581][0;39m [SpringBootDemo][32m INFO[0;39m Started DemoApplication in 2.241 seconds (JVM running for 2.619)
[32m[2020-11-13 11:38:47.636][0;39m [SpringBootDemo][32m INFO[0;39m HikariPool-1 - Starting...
[32m[2020-11-13 11:38:47.636][0;39m [SpringBootDemo][32m INFO[0;39m Initializing Spring DispatcherServlet 'dispatcherServlet'
[32m[2020-11-13 11:38:47.636][0;39m [SpringBootDemo][32m INFO[0;39m Initializing Servlet 'dispatcherServlet'
[32m[2020-11-13 11:38:47.641][0;39m [SpringBootDemo][32m INFO[0;39m Completed initialization in 5 ms
[32m[2020-11-13 11:38:47.750][0;39m [SpringBootDemo][32m INFO[0;39m HikariPool-1 - Start completed.
[32m[2020-11-13 11:40:36.882][0;39m [SpringBootDemo][32m INFO[0;39m Shutting down ExecutorService 'applicationTaskExecutor'
[32m[2020-11-13 11:40:36.884][0;39m [SpringBootDemo][32m INFO[0;39m HikariPool-1 - Shutdown initiated...
[32m[2020-11-13 11:40:36.889][0;39m [SpringBootDemo][32m INFO[0;39m HikariPool-1 - Shutdown completed.
[32m[2020-11-13 12:12:55.141][0;39m [SpringBootDemo][32m INFO[0;39m HV000001: Hibernate Validator 6.0.20.Final
[32m[2020-11-13 12:12:55.166][0;39m [SpringBootDemo][32m INFO[0;39m Starting DemoApplication on localhost with PID 4034 (/Users/wankai/Documents/Code/Study/SpringBootDemo/target/classes started by wankai in /Users/wankai/Documents/Code/Study/SpringBootDemo)
[32m[2020-11-13 12:12:55.175][0;39m [SpringBootDemo][32m INFO[0;39m The following profiles are active: dev
[32m[2020-11-13 12:12:56.398][0;39m [SpringBootDemo][32m INFO[0;39m Tomcat initialized with port(s): 8994 (http)
[32m[2020-11-13 12:12:56.404][0;39m [SpringBootDemo][32m INFO[0;39m Initializing ProtocolHandler ["http-nio-8994"]
[32m[2020-11-13 12:12:56.405][0;39m [SpringBootDemo][32m INFO[0;39m Starting service [Tomcat]
[32m[2020-11-13 12:12:56.405][0;39m [SpringBootDemo][32m INFO[0;39m Starting Servlet engine: [Apache Tomcat/9.0.38]
[32m[2020-11-13 12:12:56.456][0;39m [SpringBootDemo][32m INFO[0;39m Initializing Spring embedded WebApplicationContext
[32m[2020-11-13 12:12:56.456][0;39m [SpringBootDemo][32m INFO[0;39m Root WebApplicationContext: initialization completed in 1228 ms
[32m[2020-11-13 12:12:56.612][0;39m [SpringBootDemo][32m INFO[0;39m Driver registered
[32m[2020-11-13 12:12:56.991][0;39m [SpringBootDemo][32m INFO[0;39m Exposing 2 endpoint(s) beneath base path '/actuator'
[32m[2020-11-13 12:12:57.036][0;39m [SpringBootDemo][32m INFO[0;39m Mapped URL path [/v2/api-docs] onto method [springfox.documentation.swagger2.web.Swagger2Controller#getDocumentation(String, HttpServletRequest)]
[32m[2020-11-13 12:12:57.104][0;39m [SpringBootDemo][32m INFO[0;39m Initializing ExecutorService 'applicationTaskExecutor'
[32m[2020-11-13 12:12:57.288][0;39m [SpringBootDemo][32m INFO[0;39m Context refreshed
[32m[2020-11-13 12:12:57.297][0;39m [SpringBootDemo][32m INFO[0;39m Found 1 custom documentation plugin(s)
[32m[2020-11-13 12:12:57.315][0;39m [SpringBootDemo][32m INFO[0;39m Scanning for api listing references
[32m[2020-11-13 12:12:57.393][0;39m [SpringBootDemo][32m INFO[0;39m Starting ProtocolHandler ["http-nio-8994"]
[32m[2020-11-13 12:12:57.417][0;39m [SpringBootDemo][32m INFO[0;39m Tomcat started on port(s): 8994 (http) with context path '/SpringBootDemo'
[32m[2020-11-13 12:12:57.419][0;39m [SpringBootDemo][32m INFO[0;39m Started DemoApplication in 3.061 seconds (JVM running for 3.608)
[32m[2020-11-13 12:12:57.960][0;39m [SpringBootDemo][32m INFO[0;39m Initializing Spring DispatcherServlet 'dispatcherServlet'
[32m[2020-11-13 12:12:57.960][0;39m [SpringBootDemo][32m INFO[0;39m HikariPool-1 - Starting...
[32m[2020-11-13 12:12:57.960][0;39m [SpringBootDemo][32m INFO[0;39m Initializing Servlet 'dispatcherServlet'
[32m[2020-11-13 12:12:57.965][0;39m [SpringBootDemo][32m INFO[0;39m Completed initialization in 4 ms
[32m[2020-11-13 12:12:58.082][0;39m [SpringBootDemo][32m INFO[0;39m HikariPool-1 - Start completed.
